<?xml version="1.0" encoding="utf-8" standalone="no"?>
<!--This file represents the results of running a test suite-->
<test-results name="C:\Users\gheyman\Documents\GitHub\mnailgun\src\Typesafe.Mailgun.Tests\bin\Debug\Typesafe.Mailgun.Tests.dll" total="27" errors="1" failures="2" not-run="0" inconclusive="0" ignored="0" skipped="0" invalid="0" date="2014-03-25" time="18:16:14">
  <environment nunit-version="2.5.10.11092" clr-version="2.0.50727.7905" os-version="Microsoft Windows NT 6.2.9200.0" platform="Win32NT" cwd="C:\Users\gheyman\Documents\GitHub\mnailgun" machine-name="GINOHEYMAN3F49" user="gheyman" user-domain="GINOHEYMAN3F49" />
  <culture-info current-culture="en-US" current-uiculture="en-US" />
  <test-suite type="Assembly" name="C:\Users\gheyman\Documents\GitHub\mnailgun\src\Typesafe.Mailgun.Tests\bin\Debug\Typesafe.Mailgun.Tests.dll" executed="True" result="Failure" success="False" time="5.982" asserts="0">
    <results>
      <test-suite type="Namespace" name="Typesafe" executed="True" result="Failure" success="False" time="5.972" asserts="0">
        <results>
          <test-suite type="Namespace" name="Mailgun" executed="True" result="Failure" success="False" time="5.972" asserts="0">
            <results>
              <test-suite type="Namespace" name="Tests" executed="True" result="Failure" success="False" time="5.972" asserts="0">
                <results>
                  <test-suite type="TestFixture" name="FormPartsBuilderTests" executed="True" result="Success" success="True" time="0.139" asserts="0">
                    <results>
                      <test-case name="Typesafe.Mailgun.Tests.FormPartsBuilderTests.Build_BCCSpecified_AddsCCPart" executed="True" result="Success" success="True" time="0.068" asserts="0" />
                      <test-case name="Typesafe.Mailgun.Tests.FormPartsBuilderTests.Build_BodyIsHtml_AddsHtmlPart_NoTextPart" executed="True" result="Success" success="True" time="0.003" asserts="0" />
                      <test-case name="Typesafe.Mailgun.Tests.FormPartsBuilderTests.Build_BodyIsText_AddsTextPart_NoHtmlPart" executed="True" result="Success" success="True" time="0.001" asserts="0" />
                      <test-case name="Typesafe.Mailgun.Tests.FormPartsBuilderTests.Build_CCSpecified_AddsCCPart" executed="True" result="Success" success="True" time="0.000" asserts="0" />
                      <test-case name="Typesafe.Mailgun.Tests.FormPartsBuilderTests.Build_FromSpecified_AddsFromPart" executed="True" result="Success" success="True" time="0.001" asserts="0" />
                      <test-case name="Typesafe.Mailgun.Tests.FormPartsBuilderTests.Build_MessageHasAttachments_AddsAttachmentParts" executed="True" result="Success" success="True" time="0.029" asserts="0" />
                      <test-case name="Typesafe.Mailgun.Tests.FormPartsBuilderTests.Build_MessageHasHtmlTextAlternateView_AddsHtmlPart" executed="True" result="Success" success="True" time="0.004" asserts="0" />
                      <test-case name="Typesafe.Mailgun.Tests.FormPartsBuilderTests.Build_MessageHasPlainTextAlternateView_AddsTextPart_NotHtmlPart" executed="True" result="Success" success="True" time="0.001" asserts="0" />
                      <test-case name="Typesafe.Mailgun.Tests.FormPartsBuilderTests.Build_MessageHasPlainTextAlternateViewAndBodyIsText_BodyWins" executed="True" result="Success" success="True" time="0.002" asserts="0" />
                      <test-case name="Typesafe.Mailgun.Tests.FormPartsBuilderTests.Build_NullMessage_ReturnsEmptyList" executed="True" result="Success" success="True" time="0.003" asserts="1" />
                      <test-case name="Typesafe.Mailgun.Tests.FormPartsBuilderTests.Build_SubjectSpecified_AddsSubjectPart" executed="True" result="Success" success="True" time="0.002" asserts="0" />
                      <test-case name="Typesafe.Mailgun.Tests.FormPartsBuilderTests.Build_ToSpecified_AddsToPart" executed="True" result="Success" success="True" time="0.001" asserts="0" />
                    </results>
                  </test-suite>
                  <test-suite type="Namespace" name="Mailboxes" executed="True" result="Success" success="True" time="2.595" asserts="0">
                    <results>
                      <test-suite type="TestFixture" name="When_creating_a_mailbox" executed="True" result="Success" success="True" time="2.020" asserts="0">
                        <results>
                          <test-case name="Typesafe.Mailgun.Tests.Mailboxes.When_creating_a_mailbox.the_new_mailbox_should_be_returned" executed="True" result="Success" success="True" time="2.019" asserts="1" />
                        </results>
                      </test-suite>
                      <test-suite type="TestFixture" name="When_deleting_a_mailbox" executed="True" result="Success" success="True" time="0.302" asserts="0">
                        <results>
                          <test-case name="Typesafe.Mailgun.Tests.Mailboxes.When_deleting_a_mailbox.the_new_mailbox_should_be_deleted" executed="True" result="Success" success="True" time="0.302" asserts="1" />
                        </results>
                      </test-suite>
                      <test-suite type="TestFixture" name="When_querying_the_mailboxes" executed="True" result="Success" success="True" time="0.270" asserts="0">
                        <results>
                          <test-case name="Typesafe.Mailgun.Tests.Mailboxes.When_querying_the_mailboxes.the_new_mailbox_should_be_returned" executed="True" result="Success" success="True" time="0.269" asserts="1" />
                        </results>
                      </test-suite>
                    </results>
                  </test-suite>
                  <test-suite type="Namespace" name="Routing" executed="True" result="Success" success="True" time="1.724" asserts="0">
                    <results>
                      <test-suite type="TestFixture" name="When_creating_a_route" executed="True" result="Success" success="True" time="0.386" asserts="0">
                        <results>
                          <test-case name="Typesafe.Mailgun.Tests.Routing.When_creating_a_route.the_new_route_should_be_returned" executed="True" result="Success" success="True" time="0.384" asserts="2" />
                        </results>
                      </test-suite>
                      <test-suite type="TestFixture" name="When_creating_a_route_for_a_web_hook" executed="True" result="Success" success="True" time="0.327" asserts="0">
                        <results>
                          <test-case name="Typesafe.Mailgun.Tests.Routing.When_creating_a_route_for_a_web_hook.the_new_route_should_be_returned" executed="True" result="Success" success="True" time="0.327" asserts="2" />
                        </results>
                      </test-suite>
                      <test-suite type="TestFixture" name="When_creating_a_route_for_another_domain" executed="True" result="Success" success="True" time="0.253" asserts="0">
                        <results>
                          <test-case name="Typesafe.Mailgun.Tests.Routing.When_creating_a_route_for_another_domain.the_new_route_should_be_returned" executed="True" result="Success" success="True" time="0.253" asserts="1" />
                        </results>
                      </test-suite>
                      <test-suite type="TestFixture" name="When_deleting_a_route" executed="True" result="Success" success="True" time="0.486" asserts="0">
                        <results>
                          <test-case name="Typesafe.Mailgun.Tests.Routing.When_deleting_a_route.the_new_route_should_be_deleted" executed="True" result="Success" success="True" time="0.486" asserts="1" />
                        </results>
                      </test-suite>
                      <test-suite type="TestFixture" name="When_getting_the_routes" executed="True" result="Success" success="True" time="0.266" asserts="0">
                        <results>
                          <test-case name="Typesafe.Mailgun.Tests.Routing.When_getting_the_routes.a_list_of_routes_should_be_returned" executed="True" result="Success" success="True" time="0.265" asserts="78" />
                        </results>
                      </test-suite>
                    </results>
                  </test-suite>
                  <test-suite type="TestFixture" name="When_getting_the_form_parts_of_a_mail_message" executed="True" result="Success" success="True" time="0.008" asserts="0">
                    <results>
                      <test-case name="Typesafe.Mailgun.Tests.When_getting_the_form_parts_of_a_mail_message.the_from_part_should_include_display_name" executed="True" result="Success" success="True" time="0.007" asserts="1" />
                    </results>
                  </test-suite>
                  <test-suite type="TestFixture" name="When_getting_the_latest_stats" executed="True" result="Success" success="True" time="0.302" asserts="0">
                    <results>
                      <test-case name="Typesafe.Mailgun.Tests.When_getting_the_latest_stats.a_list_of_events_should_be_returned" executed="True" result="Success" success="True" time="0.301" asserts="1" />
                    </results>
                  </test-suite>
                  <test-suite type="TestFixture" name="When_sending_an_email_message" executed="True" result="Error" success="False" time="0.273" asserts="0">
                    <failure>
                      <message><![CDATA[SetUp : System.Exception : Internal Server Error]]></message>
                      <stack-trace><![CDATA[at Typesafe.Mailgun.MailgunCommand`1.ThrowIfBadStatusCode(MailgunHttpResponse response) in c:\Users\gheyman\Documents\GitHub\mnailgun\src\Typesafe.Mailgun\MailgunCommand`1.cs:line 43
at Typesafe.Mailgun.MailgunCommand`1.Invoke() in c:\Users\gheyman\Documents\GitHub\mnailgun\src\Typesafe.Mailgun\MailgunCommand`1.cs:line 32
at Typesafe.Mailgun.MailgunClient.SendMail(MailMessage mailMessage) in c:\Users\gheyman\Documents\GitHub\mnailgun\src\Typesafe.Mailgun\MailgunClient.cs:line 30
at Typesafe.Mailgun.Tests.When_sending_an_email_message..ctor() in c:\Users\gheyman\Documents\GitHub\mnailgun\src\Typesafe.Mailgun.Tests\When_sending_an_email_message.cs:line 13
]]></stack-trace>
                    </failure>
                    <results>
                      <test-case name="Typesafe.Mailgun.Tests.When_sending_an_email_message.the_response_should_include_a_message" executed="True" result="Failure" success="False" time="0.000" asserts="0">
                        <failure>
                          <message><![CDATA[TestFixtureSetUp failed in When_sending_an_email_message]]></message>
                          <stack-trace />
                        </failure>
                      </test-case>
                      <test-case name="Typesafe.Mailgun.Tests.When_sending_an_email_message.the_response_should_include_an_id" executed="True" result="Failure" success="False" time="0.000" asserts="0">
                        <failure>
                          <message><![CDATA[TestFixtureSetUp failed in When_sending_an_email_message]]></message>
                          <stack-trace />
                        </failure>
                      </test-case>
                    </results>
                  </test-suite>
                  <test-suite type="TestFixture" name="When_sending_an_email_message_for_a_non_existing_domain" executed="True" result="Success" success="True" time="0.274" asserts="0">
                    <results>
                      <test-case name="Typesafe.Mailgun.Tests.When_sending_an_email_message_for_a_non_existing_domain.an_invalid_operation_exception_should_be_thrown" executed="True" result="Success" success="True" time="0.274" asserts="1" />
                    </results>
                  </test-suite>
                  <test-suite type="TestFixture" name="When_sending_an_email_message_with_an_attachment" executed="True" result="Failure" success="False" time="0.263" asserts="0">
                    <results>
                      <test-case name="Typesafe.Mailgun.Tests.When_sending_an_email_message_with_an_attachment.no_exception_should_be_thrown" executed="True" result="Error" success="False" time="0.263" asserts="0">
                        <failure>
                          <message><![CDATA[System.Exception : Internal Server Error]]></message>
                          <stack-trace><![CDATA[at Typesafe.Mailgun.MailgunCommand`1.ThrowIfBadStatusCode(MailgunHttpResponse response) in c:\Users\gheyman\Documents\GitHub\mnailgun\src\Typesafe.Mailgun\MailgunCommand`1.cs:line 43
at Typesafe.Mailgun.MailgunCommand`1.Invoke() in c:\Users\gheyman\Documents\GitHub\mnailgun\src\Typesafe.Mailgun\MailgunCommand`1.cs:line 32
at Typesafe.Mailgun.MailgunClient.SendMail(MailMessage mailMessage) in c:\Users\gheyman\Documents\GitHub\mnailgun\src\Typesafe.Mailgun\MailgunClient.cs:line 30
at Typesafe.Mailgun.Tests.When_sending_an_email_message_with_an_attachment.no_exception_should_be_thrown() in c:\Users\gheyman\Documents\GitHub\mnailgun\src\Typesafe.Mailgun.Tests\When_sending_an_email_message_with_an_attachment.cs:line 22
]]></stack-trace>
                        </failure>
                      </test-case>
                    </results>
                  </test-suite>
                  <test-suite type="TestFixture" name="When_sending_an_email_message_with_an_invalid_api_key" executed="True" result="Success" success="True" time="0.370" asserts="0">
                    <results>
                      <test-case name="Typesafe.Mailgun.Tests.When_sending_an_email_message_with_an_invalid_api_key.an_authorization_exception_should_be_thrown" executed="True" result="Success" success="True" time="0.370" asserts="1" />
                    </results>
                  </test-suite>
                </results>
              </test-suite>
            </results>
          </test-suite>
        </results>
      </test-suite>
    </results>
  </test-suite>
</test-results>