<?xml version="1.0" encoding="utf-8" standalone="no"?>
<!--This file represents the results of running a test suite-->
<test-results name="D:\_git\typesafe\mnailgun\src\Typesafe.Mailgun.Tests\bin\Debug\Typesafe.Mailgun.Tests.dll" total="4" errors="0" failures="0" not-run="0" inconclusive="0" ignored="0" skipped="0" invalid="0" date="2011-10-22" time="17:46:18">
  <environment nunit-version="2.5.10.11092" clr-version="2.0.50727.4959" os-version="Microsoft Windows NT 6.1.7600.0" platform="Win32NT" cwd="D:\_git\typesafe\mnailgun\packages\NUnit.2.5.10.11092\tools" machine-name="DEV7" user="gino" user-domain="dev7" />
  <culture-info current-culture="en-US" current-uiculture="en-US" />
  <test-suite type="Assembly" name="D:\_git\typesafe\mnailgun\src\Typesafe.Mailgun.Tests\bin\Debug\Typesafe.Mailgun.Tests.dll" executed="True" result="Success" success="True" time="5.342" asserts="0">
    <results>
      <test-suite type="Namespace" name="Typesafe" executed="True" result="Success" success="True" time="5.323" asserts="0">
        <results>
          <test-suite type="Namespace" name="Mailgun" executed="True" result="Success" success="True" time="5.322" asserts="0">
            <results>
              <test-suite type="Namespace" name="Tests" executed="True" result="Success" success="True" time="5.322" asserts="0">
                <results>
                  <test-suite type="TestFixture" name="When_sending_an_email_message" executed="True" result="Success" success="True" time="1.921" asserts="0">
                    <results>
                      <test-case name="Typesafe.Mailgun.Tests.When_sending_an_email_message.no_exception_should_be_thrown" executed="True" result="Success" success="True" time="1.881" asserts="0" />
                    </results>
                  </test-suite>
                  <test-suite type="TestFixture" name="When_sending_an_email_message_for_a_non_existing_domain" executed="True" result="Success" success="True" time="2.391" asserts="0">
                    <results>
                      <test-case name="Typesafe.Mailgun.Tests.When_sending_an_email_message_for_a_non_existing_domain.an_entry_point_not_found_exception_should_be_thrown" executed="True" result="Success" success="True" time="2.390" asserts="1" />
                    </results>
                  </test-suite>
                  <test-suite type="TestFixture" name="When_sending_an_email_message_with_an_attachment" executed="True" result="Success" success="True" time="0.518" asserts="0">
                    <results>
                      <test-case name="Typesafe.Mailgun.Tests.When_sending_an_email_message_with_an_attachment.no_exception_should_be_thrown" executed="True" result="Success" success="True" time="0.516" asserts="0" />
                    </results>
                  </test-suite>
                  <test-suite type="TestFixture" name="When_sending_an_email_message_with_an_invalid_api_key" executed="True" result="Success" success="True" time="0.475" asserts="0">
                    <results>
                      <test-case name="Typesafe.Mailgun.Tests.When_sending_an_email_message_with_an_invalid_api_key.an_authorization_exception_should_be_thrown" executed="True" result="Success" success="True" time="0.473" asserts="1" />
                    </results>
                  </test-suite>
                </results>
              </test-suite>
            </results>
          </test-suite>
        </results>
      </test-suite>
    </results>
  </test-suite>
</test-results>